<?xml version="1.0" encoding="UTF-8"?>
<!-- Generated by org.testng.reporters.JUnitReportReporter -->
<testsuite hostname="DHARANI" failures="0" tests="1" name="test.Projecttest" time="27.653" errors="0" timestamp="2023-11-29T20:51:21 IST" skipped="0">
  <testcase classname="test.Projecttest" name="test" time="27.653"/>
  <system-out/>
</testsuite> <!-- test.Projecttest -->
